<?xml version="1.0" encoding="UTF-8"?>
<!-- Generated by org.testng.reporters.JUnitReportReporter -->
<testsuite hostname="asd1545po01976" name="Test.NewTest" tests="2" failures="0" timestamp="9 Jul 2018 10:01:59 GMT" time="2.801" errors="0">
  <testcase name="check_for_exitIntent" time="2.436" classname="Test.NewTest"/>
  <testcase name="validate_image" time="0.365" classname="Test.NewTest"/>
</testsuite> <!-- Test.NewTest -->
