<?xml version="1.0" encoding="UTF-8"?>
<!-- Generated by org.testng.reporters.JUnitReportReporter -->
<testsuite hostname="asd1545po01976" name="Test.NewTest" tests="4" failures="0" timestamp="10 Jul 2018 07:07:13 GMT" time="3.848" errors="0">
  <testcase name="check_for_exitIntent" time="2.431" classname="Test.NewTest"/>
  <testcase name="check_for_login2" time="0.525" classname="Test.NewTest"/>
  <testcase name="check_for_login1" time="0.516" classname="Test.NewTest"/>
  <testcase name="check_for_hovers" time="0.376" classname="Test.NewTest"/>
</testsuite> <!-- Test.NewTest -->
